<?xml version="1.0" encoding="UTF-8" ?>
<testsuite errors="0" failures="0" hostname="ASRCK-H310M" name="org.gjt.sp.util.SegmentCharSequenceTest" skipped="0" tests="2" time="0.002" timestamp="2021-12-12T19:57:59">
  <properties>
[...]
</properties>
  <testcase classname="org.gjt.sp.util.SegmentCharSequenceTest" name="subSequence" time="0.0" />
  <testcase classname="org.gjt.sp.util.SegmentCharSequenceTest" name="charAt" time="0.0" />
  <system-out><![CDATA[]]></system-out>
  <system-err><![CDATA[]]></system-err>
</testsuite>
