<?xml version="1.0" encoding="UTF-8" ?>
<testsuites>
  <testsuite errors="0" failures="0" hostname="ASRCK-H310M" id="0" name="MiscUtilitiesTest" package="org.gjt.sp.jedit" skipped="0" tests="94" time="1.028" timestamp="2021-12-12T19:57:57">
      <properties>
[...]
</properties>

      <testcase classname="org.gjt.sp.jedit.MiscUtilitiesTest" name="concatPath" time="0.732" />

      <testcase classname="org.gjt.sp.jedit.MiscUtilitiesTest" name="pathsEqualFalse" time="0.01" />

      <testcase classname="org.gjt.sp.jedit.MiscUtilitiesTest" name="abbreviateUserHomeUnix" time="0.02" />

      <testcase classname="org.gjt.sp.jedit.MiscUtilitiesTest" name="getLastSeparatorIndexAbsolute" time="0.0" />

      <testcase classname="org.gjt.sp.jedit.MiscUtilitiesTest" name="getBaseName2" time="0.0" />

      <testcase classname="org.gjt.sp.jedit.MiscUtilitiesTest" name="expandVariablesEnvUnix" time="0.001" />

      <testcase classname="org.gjt.sp.jedit.MiscUtilitiesTest" name="canonPathHomeMinus" time="0.008" />

      <testcase classname="org.gjt.sp.jedit.MiscUtilitiesTest" name="constructPathAbsolute" time="0.0" />

      <testcase classname="org.gjt.sp.jedit.MiscUtilitiesTest" name="canonPathHomeStart" time="0.001" />

      <testcase classname="org.gjt.sp.jedit.MiscUtilitiesTest" name="expandVariablesEnvUnix2" time="0.003" />

      <testcase classname="org.gjt.sp.jedit.MiscUtilitiesTest" name="getLongestPrefix" time="0.001" />

      <testcase classname="org.gjt.sp.jedit.MiscUtilitiesTest" name="isURLFileUrl" time="0.0" />

      <testcase classname="org.gjt.sp.jedit.MiscUtilitiesTest" name="canonPathHomeStart2" time="0.0" />

      <testcase classname="org.gjt.sp.jedit.MiscUtilitiesTest" name="getFileExtensionNoExtension" time="0.0" />

      <testcase classname="org.gjt.sp.jedit.MiscUtilitiesTest" name="getFirstSeparatorIndexRelative" time="0.0" />

      <testcase classname="org.gjt.sp.jedit.MiscUtilitiesTest" name="expandVariablesTildeWindows" time="0.001" />

      <testcase classname="org.gjt.sp.jedit.MiscUtilitiesTest" name="getFileExtension2" time="0.001" />

      <testcase classname="org.gjt.sp.jedit.MiscUtilitiesTest" name="escapesToChars" time="0.0" />

      <testcase classname="org.gjt.sp.jedit.MiscUtilitiesTest" name="constructPathWindows" time="0.0" />

      <testcase classname="org.gjt.sp.jedit.MiscUtilitiesTest" name="classToFile" time="0.001" />

      <testcase classname="org.gjt.sp.jedit.MiscUtilitiesTest" name="isAbsolutePathWindows2" time="0.0" />

      <testcase classname="org.gjt.sp.jedit.MiscUtilitiesTest" name="isAbsolutePathWindows3" time="0.001" />

      <testcase classname="org.gjt.sp.jedit.MiscUtilitiesTest" name="isAbsolutePathWindows4" time="0.0" />

      <testcase classname="org.gjt.sp.jedit.MiscUtilitiesTest" name="isAbsolutePathWindows5" time="0.0" />

      <testcase classname="org.gjt.sp.jedit.MiscUtilitiesTest" name="isAbsolutePathWindows6" time="0.0" />

      <testcase classname="org.gjt.sp.jedit.MiscUtilitiesTest" name="isAbsolutePathWindows7" time="0.0" />

      <testcase classname="org.gjt.sp.jedit.MiscUtilitiesTest" name="isAbsolutePathWindows8" time="0.0" />

      <testcase classname="org.gjt.sp.jedit.MiscUtilitiesTest" name="canonPathFileSlash" time="0.0" />

      <testcase classname="org.gjt.sp.jedit.MiscUtilitiesTest" name="canonPathFileWindows" time="0.0" />

      <testcase classname="org.gjt.sp.jedit.MiscUtilitiesTest" name="getLastSeparatorIndexNo" time="0.0" />

      <testcase classname="org.gjt.sp.jedit.MiscUtilitiesTest" name="getProtocolOfURL" time="0.0" />

      <testcase classname="org.gjt.sp.jedit.MiscUtilitiesTest" name="getLastSeparatorWindows1" time="0.0" />

      <testcase classname="org.gjt.sp.jedit.MiscUtilitiesTest" name="getLastSeparatorWindows2" time="0.0" />

      <testcase classname="org.gjt.sp.jedit.MiscUtilitiesTest" name="getLastSeparatorWindows3" time="0.032" />

      <testcase classname="org.gjt.sp.jedit.MiscUtilitiesTest" name="canonPathEmpty" time="0.001" />

      <testcase classname="org.gjt.sp.jedit.MiscUtilitiesTest" name="expandVariablesTilde" time="0.0" />

      <testcase classname="org.gjt.sp.jedit.MiscUtilitiesTest" name="getCompleteBaseName2" time="0.0" />

      <testcase classname="org.gjt.sp.jedit.MiscUtilitiesTest" name="expandVariablesEnvUnixNoMatch" time="0.001" />

      <testcase classname="org.gjt.sp.jedit.MiscUtilitiesTest" name="constructPathWindows2" time="0.0" />

      <testcase classname="org.gjt.sp.jedit.MiscUtilitiesTest" name="constructPathWindows3" time="0.003" />

      <testcase classname="org.gjt.sp.jedit.MiscUtilitiesTest" name="getNthBackupFileNoPrefix1" time="0.012" />

      <testcase classname="org.gjt.sp.jedit.MiscUtilitiesTest" name="constructPath3Args" time="0.001" />

      <testcase classname="org.gjt.sp.jedit.MiscUtilitiesTest" name="isAbsolutePathUrl" time="0.0" />

      <testcase classname="org.gjt.sp.jedit.MiscUtilitiesTest" name="getLastSeparatorIndexRelative" time="0.001" />

      <testcase classname="org.gjt.sp.jedit.MiscUtilitiesTest" name="isURLEtcPassword" time="0.0" />

      <testcase classname="org.gjt.sp.jedit.MiscUtilitiesTest" name="constructPathDotDotPath" time="0.001" />

      <testcase classname="org.gjt.sp.jedit.MiscUtilitiesTest" name="isURL" time="0.0" />

      <testcase classname="org.gjt.sp.jedit.MiscUtilitiesTest" name="buildToVersion" time="0.005" />

      <testcase classname="org.gjt.sp.jedit.MiscUtilitiesTest" name="isToolsJarAvailable" time="0.009" />

      <testcase classname="org.gjt.sp.jedit.MiscUtilitiesTest" name="constructPathDotDot" time="0.0" />

      <testcase classname="org.gjt.sp.jedit.MiscUtilitiesTest" name="canonPathFile" time="0.0" />

      <testcase classname="org.gjt.sp.jedit.MiscUtilitiesTest" name="canonPathHome" time="0.0" />

      <testcase classname="org.gjt.sp.jedit.MiscUtilitiesTest" name="getBaseName" time="0.0" />

      <testcase classname="org.gjt.sp.jedit.MiscUtilitiesTest" name="getNthBackupFileNoPrefixButSuffix" time="0.0" />

      <testcase classname="org.gjt.sp.jedit.MiscUtilitiesTest" name="getNthBackupFileNoPrefix1ButSuffix" time="0.001" />

      <testcase classname="org.gjt.sp.jedit.MiscUtilitiesTest" name="resolveSymlinksWindowsUrl" time="0.0" />

      <testcase classname="org.gjt.sp.jedit.MiscUtilitiesTest" name="getFirstSeparatorWindows1" time="0.001" />

      <testcase classname="org.gjt.sp.jedit.MiscUtilitiesTest" name="getFirstSeparatorWindows2" time="0.0" />

      <testcase classname="org.gjt.sp.jedit.MiscUtilitiesTest" name="getFirstSeparatorWindows3" time="0.001" />

      <testcase classname="org.gjt.sp.jedit.MiscUtilitiesTest" name="getFirstSeparatorWindows4" time="0.0" />

      <testcase classname="org.gjt.sp.jedit.MiscUtilitiesTest" name="isAbsolutePathMinus" time="0.001" />

      <testcase classname="org.gjt.sp.jedit.MiscUtilitiesTest" name="isAbsolutePathTilde" time="0.0" />

      <testcase classname="org.gjt.sp.jedit.MiscUtilitiesTest" name="isAbsolutePathUnix2" time="0.0" />

      <testcase classname="org.gjt.sp.jedit.MiscUtilitiesTest" name="isAbsolutePathWindows" time="0.0" />

      <testcase classname="org.gjt.sp.jedit.MiscUtilitiesTest" name="getCompleteBaseName" time="0.001" />

      <testcase classname="org.gjt.sp.jedit.MiscUtilitiesTest" name="fileToClass" time="0.0" />

      <testcase classname="org.gjt.sp.jedit.MiscUtilitiesTest" name="canonPathHomeUrl" time="0.0" />

      <testcase classname="org.gjt.sp.jedit.MiscUtilitiesTest" name="canonPathTildeHomeWithoutSeparator" time="0.058" />

      <testcase classname="org.gjt.sp.jedit.MiscUtilitiesTest" name="isAbsolutePathUnix" time="0.0" />

      <testcase classname="org.gjt.sp.jedit.MiscUtilitiesTest" name="getLongestPrefix2" time="0.0" />

      <testcase classname="org.gjt.sp.jedit.MiscUtilitiesTest" name="getLongestPrefix3" time="0.0" />

      <testcase classname="org.gjt.sp.jedit.MiscUtilitiesTest" name="concatPath2" time="0.0" />

      <testcase classname="org.gjt.sp.jedit.MiscUtilitiesTest" name="concatPath3" time="0.001" />

      <testcase classname="org.gjt.sp.jedit.MiscUtilitiesTest" name="concatPath4" time="0.0" />

      <testcase classname="org.gjt.sp.jedit.MiscUtilitiesTest" name="expandVariablesEnvWindowsAsUnix" time="0.001" />

      <testcase classname="org.gjt.sp.jedit.MiscUtilitiesTest" name="getFirstSeparatorIndexAbsolute" time="0.0" />

      <testcase classname="org.gjt.sp.jedit.MiscUtilitiesTest" name="getFileName" time="0.001" />

      <testcase classname="org.gjt.sp.jedit.MiscUtilitiesTest" name="pathsEqual2" time="0.0" />

      <testcase classname="org.gjt.sp.jedit.MiscUtilitiesTest" name="pathsEqual3" time="0.001" />

      <testcase classname="org.gjt.sp.jedit.MiscUtilitiesTest" name="pathsEqual4" time="0.0" />

      <testcase classname="org.gjt.sp.jedit.MiscUtilitiesTest" name="resolveSymlinksWindows1" time="0.0" />

      <testcase classname="org.gjt.sp.jedit.MiscUtilitiesTest" name="resolveSymlinksWindows2" time="0.0" />

      <testcase classname="org.gjt.sp.jedit.MiscUtilitiesTest" name="resolveSymlinksWindows3" time="0.0" />

      <testcase classname="org.gjt.sp.jedit.MiscUtilitiesTest" name="pathsEqual" time="0.0" />

      <testcase classname="org.gjt.sp.jedit.MiscUtilitiesTest" name="isURLWindowsPath" time="0.0" />

      <testcase classname="org.gjt.sp.jedit.MiscUtilitiesTest" name="abbreviateUserHomeWindows" time="0.003" />

      <testcase classname="org.gjt.sp.jedit.MiscUtilitiesTest" name="constructPathDot" time="0.0" />

      <testcase classname="org.gjt.sp.jedit.MiscUtilitiesTest" name="constructPathNullEmpty" time="0.0" />

      <testcase classname="org.gjt.sp.jedit.MiscUtilitiesTest" name="getFileExtension" time="0.0" />

      <testcase classname="org.gjt.sp.jedit.MiscUtilitiesTest" name="canonPathTildeHomeWithFileSeparator" time="0.0" />

      <testcase classname="org.gjt.sp.jedit.MiscUtilitiesTest" name="getNthBackupFileNoPrefix" time="0.0" />

      <testcase classname="org.gjt.sp.jedit.MiscUtilitiesTest" name="expandVariablesEnvWindowsAsWindows" time="0.001" />

      <testcase classname="org.gjt.sp.jedit.MiscUtilitiesTest" name="getNthBackupFileNoSuffix" time="0.001" />

      <testcase classname="org.gjt.sp.jedit.MiscUtilitiesTest" name="getBackupDirectory" time="0.001" />

      <system-out><![CDATA[]]></system-out>

      <system-err><![CDATA[]]></system-err>

  </testsuite>
  <testsuite errors="0" failures="0" hostname="ASRCK-H310M" id="1" name="TextUtilitiesTest" package="org.gjt.sp.jedit" skipped="0" tests="2" time="0.004" timestamp="2021-12-12T19:57:58">
      <properties>
[...]
</properties>

      <testcase classname="org.gjt.sp.jedit.TextUtilitiesTest" name="joinEmpty" time="0.001" />

      <testcase classname="org.gjt.sp.jedit.TextUtilitiesTest" name="join" time="0.0" />

      <system-out><![CDATA[]]></system-out>

      <system-err><![CDATA[]]></system-err>

  </testsuite>
  <testsuite errors="0" failures="0" hostname="ASRCK-H310M" id="2" name="ContentManagerTest" package="org.gjt.sp.jedit.buffer" skipped="0" tests="4" time="0.004" timestamp="2021-12-12T19:57:58">
      <properties>
[...]
</properties>

      <testcase classname="org.gjt.sp.jedit.buffer.ContentManagerTest" name="setContent" time="0.001" />

      <testcase classname="org.gjt.sp.jedit.buffer.ContentManagerTest" name="insertString" time="0.0" />

      <testcase classname="org.gjt.sp.jedit.buffer.ContentManagerTest" name="insertSegmentCharSequence" time="0.001" />

      <testcase classname="org.gjt.sp.jedit.buffer.ContentManagerTest" name="insertSegment" time="0.0" />

      <system-out><![CDATA[]]></system-out>

      <system-err><![CDATA[]]></system-err>

  </testsuite>
  <testsuite errors="0" failures="0" hostname="ASRCK-H310M" id="3" name="SyntaxUtilitiesTest" package="org.gjt.sp.jedit.syntax" skipped="0" tests="3" time="0.003" timestamp="2021-12-12T19:57:58">
      <properties>
[...]
</properties>

      <testcase classname="org.gjt.sp.jedit.syntax.SyntaxUtilitiesTest" name="regionMatches" time="0.0" />

      <testcase classname="org.gjt.sp.jedit.syntax.SyntaxUtilitiesTest" name="regionMatchesIgnoreCase" time="0.0" />

      <testcase classname="org.gjt.sp.jedit.syntax.SyntaxUtilitiesTest" name="regionMatchesFail" time="0.0" />

      <system-out><![CDATA[]]></system-out>

      <system-err><![CDATA[]]></system-err>

  </testsuite>
  <testsuite errors="0" failures="0" hostname="ASRCK-H310M" id="4" name="FirstLineTest" package="org.gjt.sp.jedit.textarea" skipped="0" tests="3" time="0.286" timestamp="2021-12-12T19:57:58">
      <properties>
[...]
</properties>

      <testcase classname="org.gjt.sp.jedit.textarea.FirstLineTest" name="preContentInsertedBefore" time="0.282" />

      <testcase classname="org.gjt.sp.jedit.textarea.FirstLineTest" name="preContentInsertedAfter" time="0.0" />

      <testcase classname="org.gjt.sp.jedit.textarea.FirstLineTest" name="setSkew" time="0.0" />

      <system-out><![CDATA[]]></system-out>

      <system-err><![CDATA[]]></system-err>

  </testsuite>
  <testsuite errors="0" failures="0" hostname="ASRCK-H310M" id="5" name="RangeMapTest" package="org.gjt.sp.jedit.textarea" skipped="0" tests="8" time="0.009" timestamp="2021-12-12T19:57:59">
      <properties>
[...]
</properties>

      <testcase classname="org.gjt.sp.jedit.textarea.RangeMapTest" name="search" time="0.005" />

      <testcase classname="org.gjt.sp.jedit.textarea.RangeMapTest" name="copy" time="0.001" />

      <testcase classname="org.gjt.sp.jedit.textarea.RangeMapTest" name="hide" time="0.0" />

      <testcase classname="org.gjt.sp.jedit.textarea.RangeMapTest" name="last" time="0.0" />

      <testcase classname="org.gjt.sp.jedit.textarea.RangeMapTest" name="show" time="0.0" />

      <testcase classname="org.gjt.sp.jedit.textarea.RangeMapTest" name="first" time="0.0" />

      <testcase classname="org.gjt.sp.jedit.textarea.RangeMapTest" name="last2" time="0.0" />

      <testcase classname="org.gjt.sp.jedit.textarea.RangeMapTest" name="preContentRemoved" time="0.0" />

      <system-out><![CDATA[]]></system-out>

      <system-err><![CDATA[]]></system-err>

  </testsuite>
  <testsuite errors="0" failures="0" hostname="ASRCK-H310M" id="6" name="ScreenLineManagerTest" package="org.gjt.sp.jedit.textarea" skipped="0" tests="30" time="0.111" timestamp="2021-12-12T19:57:59">
      <properties>
[...]
</properties>

      <testcase classname="org.gjt.sp.jedit.textarea.ScreenLineManagerTest" name="contentInserted1AtEndBigArray" time="0.049" />

      <testcase classname="org.gjt.sp.jedit.textarea.ScreenLineManagerTest" name="contentInserted1lineAtStartSmallArray" time="0.0" />

      <testcase classname="org.gjt.sp.jedit.textarea.ScreenLineManagerTest" name="contentInserted4lineInMiddleSmallArray" time="0.001" />

      <testcase classname="org.gjt.sp.jedit.textarea.ScreenLineManagerTest" name="contentInserted0LineInMiddleSmallArray" time="0.001" />

      <testcase classname="org.gjt.sp.jedit.textarea.ScreenLineManagerTest" name="contentInserted1InMiddleSmallArray" time="0.001" />

      <testcase classname="org.gjt.sp.jedit.textarea.ScreenLineManagerTest" name="contentRemoved2lineInMiddle" time="0.002" />

      <testcase classname="org.gjt.sp.jedit.textarea.ScreenLineManagerTest" name="contentInserted0LineAtStartBigArray" time="0.002" />

      <testcase classname="org.gjt.sp.jedit.textarea.ScreenLineManagerTest" name="isScreenLineCountValidNegative" time="0.0" />

      <testcase classname="org.gjt.sp.jedit.textarea.ScreenLineManagerTest" name="setScreenLineCount" time="0.001" />

      <testcase classname="org.gjt.sp.jedit.textarea.ScreenLineManagerTest" name="contentRemoved1InMiddle" time="0.001" />

      <testcase classname="org.gjt.sp.jedit.textarea.ScreenLineManagerTest" name="contentRemoved0LineInMiddle" time="0.001" />

      <testcase classname="org.gjt.sp.jedit.textarea.ScreenLineManagerTest" name="contentInserted0LineInMiddleBigArray" time="0.001" />

      <testcase classname="org.gjt.sp.jedit.textarea.ScreenLineManagerTest" name="contentInserted0LineAtEndSmallArray" time="0.001" />

      <testcase classname="org.gjt.sp.jedit.textarea.ScreenLineManagerTest" name="isScreenLineCountValidNull" time="0.0" />

      <testcase classname="org.gjt.sp.jedit.textarea.ScreenLineManagerTest" name="isScreenLineCountValidOverLimit" time="0.0" />

      <testcase classname="org.gjt.sp.jedit.textarea.ScreenLineManagerTest" name="contentInserted1AtEndSmallArray" time="0.001" />

      <testcase classname="org.gjt.sp.jedit.textarea.ScreenLineManagerTest" name="invalidateScreenLineCounts" time="0.001" />

      <testcase classname="org.gjt.sp.jedit.textarea.ScreenLineManagerTest" name="contentRemoved0LineAtEnd" time="0.001" />

      <testcase classname="org.gjt.sp.jedit.textarea.ScreenLineManagerTest" name="contentInserted4lineInMiddleBigArray" time="0.001" />

      <testcase classname="org.gjt.sp.jedit.textarea.ScreenLineManagerTest" name="contentRemoved1lineAtStart" time="0.001" />

      <testcase classname="org.gjt.sp.jedit.textarea.ScreenLineManagerTest" name="contentInserted4lineAtStartBigArray" time="0.001" />

      <testcase classname="org.gjt.sp.jedit.textarea.ScreenLineManagerTest" name="contentRemoved2lineAtStart" time="0.0" />

      <testcase classname="org.gjt.sp.jedit.textarea.ScreenLineManagerTest" name="contentInserted1InMiddleBigArray" time="0.0" />

      <testcase classname="org.gjt.sp.jedit.textarea.ScreenLineManagerTest" name="contentInserted4lineAtStartSmallArray" time="0.001" />

      <testcase classname="org.gjt.sp.jedit.textarea.ScreenLineManagerTest" name="contentInserted0LineAtEndBigArray" time="0.001" />

      <testcase classname="org.gjt.sp.jedit.textarea.ScreenLineManagerTest" name="contentInserted4lineAtEndSmallArray" time="0.0" />

      <testcase classname="org.gjt.sp.jedit.textarea.ScreenLineManagerTest" name="contentInserted4lineAtEndBigArray" time="0.0" />

      <testcase classname="org.gjt.sp.jedit.textarea.ScreenLineManagerTest" name="contentInserted1lineAtStartBigArray" time="0.001" />

      <testcase classname="org.gjt.sp.jedit.textarea.ScreenLineManagerTest" name="contentRemoved0LineAtStart" time="0.001" />

      <testcase classname="org.gjt.sp.jedit.textarea.ScreenLineManagerTest" name="contentInserted0LineAtStartSmallArray" time="0.001" />

      <system-out><![CDATA[]]></system-out>

      <system-err><![CDATA[]]></system-err>

  </testsuite>
  <testsuite errors="0" failures="0" hostname="ASRCK-H310M" id="7" name="HtmlUtilitiesTest" package="org.gjt.sp.util" skipped="0" tests="11" time="0.033" timestamp="2021-12-12T19:57:59">
      <properties>
[...]
</properties>

      <testcase classname="org.gjt.sp.util.HtmlUtilitiesTest" name="style2htmlBoldItalic2" time="0.028" />

      <testcase classname="org.gjt.sp.util.HtmlUtilitiesTest" name="parseHighlightStyleItalic" time="0.0" />

      <testcase classname="org.gjt.sp.util.HtmlUtilitiesTest" name="highlightString" time="0.0" />

      <testcase classname="org.gjt.sp.util.HtmlUtilitiesTest" name="parseHighlightStyleBoldItalic2" time="0.0" />

      <testcase classname="org.gjt.sp.util.HtmlUtilitiesTest" name="style2htmlBoldItalic" time="0.0" />

      <testcase classname="org.gjt.sp.util.HtmlUtilitiesTest" name="parseHighlightStyleBoldItalic" time="0.001" />

      <testcase classname="org.gjt.sp.util.HtmlUtilitiesTest" name="parseHighlightStyle" time="0.0" />

      <testcase classname="org.gjt.sp.util.HtmlUtilitiesTest" name="parseHighlightStyleBold" time="0.0" />

      <testcase classname="org.gjt.sp.util.HtmlUtilitiesTest" name="parseHighlightStyleFail" time="0.001" />

      <testcase classname="org.gjt.sp.util.HtmlUtilitiesTest" name="appendString2html" time="0.0" />

      <testcase classname="org.gjt.sp.util.HtmlUtilitiesTest" name="parseHighlightStyleFail2" time="0.0" />

      <system-out><![CDATA[]]></system-out>

      <system-err><![CDATA[]]></system-err>

  </testsuite>
  <testsuite errors="0" failures="0" hostname="ASRCK-H310M" id="8" name="IntegerArrayTest" package="org.gjt.sp.util" skipped="0" tests="4" time="0.003" timestamp="2021-12-12T19:57:59">
      <properties>
[...]
</properties>

      <testcase classname="org.gjt.sp.util.IntegerArrayTest" name="isEmpty2" time="0.0" />

      <testcase classname="org.gjt.sp.util.IntegerArrayTest" name="get" time="0.0" />

      <testcase classname="org.gjt.sp.util.IntegerArrayTest" name="getEmpty" time="0.0" />

      <testcase classname="org.gjt.sp.util.IntegerArrayTest" name="isEmpty" time="0.001" />

      <system-out><![CDATA[]]></system-out>

      <system-err><![CDATA[]]></system-err>

  </testsuite>
  <testsuite errors="0" failures="0" hostname="ASRCK-H310M" id="9" name="SegmentBufferTest" package="org.gjt.sp.util" skipped="0" tests="2" time="0.002" timestamp="2021-12-12T19:57:59">
      <properties>
[...]
</properties>

      <testcase classname="org.gjt.sp.util.SegmentBufferTest" name="testAppendChar" time="0.0" />

      <testcase classname="org.gjt.sp.util.SegmentBufferTest" name="testAppendCharArray" time="0.0" />

      <system-out><![CDATA[]]></system-out>

      <system-err><![CDATA[]]></system-err>

  </testsuite>
  <testsuite errors="0" failures="0" hostname="ASRCK-H310M" id="10" name="SegmentCharSequenceTest" package="org.gjt.sp.util" skipped="0" tests="2" time="0.002" timestamp="2021-12-12T19:57:59">
      <properties>
[...]
</properties>

      <testcase classname="org.gjt.sp.util.SegmentCharSequenceTest" name="subSequence" time="0.0" />

      <testcase classname="org.gjt.sp.util.SegmentCharSequenceTest" name="charAt" time="0.0" />

      <system-out><![CDATA[]]></system-out>

      <system-err><![CDATA[]]></system-err>

  </testsuite>
  <testsuite errors="0" failures="0" hostname="ASRCK-H310M" id="11" name="StandardUtilitiesTest" package="org.gjt.sp.util" skipped="0" tests="49" time="0.169" timestamp="2021-12-12T19:57:59">
      <properties>
[...]
</properties>

      <testcase classname="org.gjt.sp.util.StandardUtilitiesTest" name="regionMatches2" time="0.001" />

      <testcase classname="org.gjt.sp.util.StandardUtilitiesTest" name="getLeadingWhiteSpaceWidth1" time="0.0" />

      <testcase classname="org.gjt.sp.util.StandardUtilitiesTest" name="getLeadingWhiteSpaceWidth3" time="0.0" />

      <testcase classname="org.gjt.sp.util.StandardUtilitiesTest" name="getIndentString" time="0.0" />

      <testcase classname="org.gjt.sp.util.StandardUtilitiesTest" name="startsWith" time="0.0" />

      <testcase classname="org.gjt.sp.util.StandardUtilitiesTest" name="compareStrings" time="0.042" />

      <testcase classname="org.gjt.sp.util.StandardUtilitiesTest" name="compareStrings2" time="0.0" />

      <testcase classname="org.gjt.sp.util.StandardUtilitiesTest" name="compareStrings3" time="0.001" />

      <testcase classname="org.gjt.sp.util.StandardUtilitiesTest" name="compareStrings4" time="0.0" />

      <testcase classname="org.gjt.sp.util.StandardUtilitiesTest" name="compareStrings5" time="0.0" />

      <testcase classname="org.gjt.sp.util.StandardUtilitiesTest" name="compareStrings6" time="0.0" />

      <testcase classname="org.gjt.sp.util.StandardUtilitiesTest" name="compareStrings7" time="0.0" />

      <testcase classname="org.gjt.sp.util.StandardUtilitiesTest" name="startsWith2" time="0.0" />

      <testcase classname="org.gjt.sp.util.StandardUtilitiesTest" name="createWhiteSpace01" time="0.0" />

      <testcase classname="org.gjt.sp.util.StandardUtilitiesTest" name="getOffsetOfVirtualColumn2" time="0.0" />

      <testcase classname="org.gjt.sp.util.StandardUtilitiesTest" name="getOffsetOfVirtualColumn3" time="0.0" />

      <testcase classname="org.gjt.sp.util.StandardUtilitiesTest" name="formatFileSize" time="0.002" />

      <testcase classname="org.gjt.sp.util.StandardUtilitiesTest" name="regionMatches" time="0.0" />

      <testcase classname="org.gjt.sp.util.StandardUtilitiesTest" name="getVirtualWidthEmptySegment" time="0.0" />

      <testcase classname="org.gjt.sp.util.StandardUtilitiesTest" name="globToRE" time="0.0" />

      <testcase classname="org.gjt.sp.util.StandardUtilitiesTest" name="charsToEscapes" time="0.0" />

      <testcase classname="org.gjt.sp.util.StandardUtilitiesTest" name="getBoolean2" time="0.0" />

      <testcase classname="org.gjt.sp.util.StandardUtilitiesTest" name="getBoolean3" time="0.0" />

      <testcase classname="org.gjt.sp.util.StandardUtilitiesTest" name="getBoolean4" time="0.0" />

      <testcase classname="org.gjt.sp.util.StandardUtilitiesTest" name="getBoolean5" time="0.0" />

      <testcase classname="org.gjt.sp.util.StandardUtilitiesTest" name="getBoolean6" time="0.0" />

      <testcase classname="org.gjt.sp.util.StandardUtilitiesTest" name="getBoolean7" time="0.0" />

      <testcase classname="org.gjt.sp.util.StandardUtilitiesTest" name="getBoolean8" time="0.0" />

      <testcase classname="org.gjt.sp.util.StandardUtilitiesTest" name="getBoolean9" time="0.0" />

      <testcase classname="org.gjt.sp.util.StandardUtilitiesTest" name="createWhiteSpace0" time="0.0" />

      <testcase classname="org.gjt.sp.util.StandardUtilitiesTest" name="createWhiteSpace1" time="0.0" />

      <testcase classname="org.gjt.sp.util.StandardUtilitiesTest" name="createWhiteSpace4" time="0.0" />

      <testcase classname="org.gjt.sp.util.StandardUtilitiesTest" name="getOffsetOfVirtualColumn" time="0.0" />

      <testcase classname="org.gjt.sp.util.StandardUtilitiesTest" name="charsToEscapes2" time="0.0" />

      <testcase classname="org.gjt.sp.util.StandardUtilitiesTest" name="globToRE2" time="0.0" />

      <testcase classname="org.gjt.sp.util.StandardUtilitiesTest" name="globToRE3" time="0.0" />

      <testcase classname="org.gjt.sp.util.StandardUtilitiesTest" name="globToRE4" time="0.0" />

      <testcase classname="org.gjt.sp.util.StandardUtilitiesTest" name="globToRE5" time="0.0" />

      <testcase classname="org.gjt.sp.util.StandardUtilitiesTest" name="globToRE6" time="0.0" />

      <testcase classname="org.gjt.sp.util.StandardUtilitiesTest" name="globToRE7" time="0.0" />

      <testcase classname="org.gjt.sp.util.StandardUtilitiesTest" name="getLeadingWhiteSpace" time="0.0" />

      <testcase classname="org.gjt.sp.util.StandardUtilitiesTest" name="getVirtualWidth" time="0.0" />

      <testcase classname="org.gjt.sp.util.StandardUtilitiesTest" name="getTrailingWhiteSpace" time="0.0" />

      <testcase classname="org.gjt.sp.util.StandardUtilitiesTest" name="getBoolean" time="0.0" />

      <testcase classname="org.gjt.sp.util.StandardUtilitiesTest" name="compareStringsDigit1" time="0.0" />

      <testcase classname="org.gjt.sp.util.StandardUtilitiesTest" name="formatFileSize2" time="0.0" />

      <testcase classname="org.gjt.sp.util.StandardUtilitiesTest" name="formatFileSize3" time="0.001" />

      <testcase classname="org.gjt.sp.util.StandardUtilitiesTest" name="formatFileSize4" time="0.001" />

      <testcase classname="org.gjt.sp.util.StandardUtilitiesTest" name="formatFileSize5" time="0.004" />

      <system-out><![CDATA[]]></system-out>

      <system-err><![CDATA[]]></system-err>

  </testsuite>
  <testsuite errors="0" failures="0" hostname="ASRCK-H310M" id="12" name="StringListTest" package="org.gjt.sp.util" skipped="0" tests="9" time="0.01" timestamp="2021-12-12T19:57:59">
      <properties>
[...]
</properties>

      <testcase classname="org.gjt.sp.util.StringListTest" name="toArray" time="0.002" />

      <testcase classname="org.gjt.sp.util.StringListTest" name="testToString" time="0.0" />

      <testcase classname="org.gjt.sp.util.StringListTest" name="split2" time="0.0" />

      <testcase classname="org.gjt.sp.util.StringListTest" name="split3" time="0.0" />

      <testcase classname="org.gjt.sp.util.StringListTest" name="join" time="0.001" />

      <testcase classname="org.gjt.sp.util.StringListTest" name="join2" time="0.0" />

      <testcase classname="org.gjt.sp.util.StringListTest" name="join3" time="0.0" />

      <testcase classname="org.gjt.sp.util.StringListTest" name="join4" time="0.0" />

      <testcase classname="org.gjt.sp.util.StringListTest" name="split" time="0.0" />

      <system-out><![CDATA[]]></system-out>

      <system-err><![CDATA[]]></system-err>

  </testsuite>
  <testsuite errors="0" failures="0" hostname="ASRCK-H310M" id="13" name="SyntaxUtilitiesTest" package="org.gjt.sp.util" skipped="0" tests="24" time="0.064" timestamp="2021-12-12T19:57:59">
      <properties>
[...]
</properties>

      <testcase classname="org.gjt.sp.util.SyntaxUtilitiesTest" name="parseColorRed" time="0.001" />

      <testcase classname="org.gjt.sp.util.SyntaxUtilitiesTest" name="parseStyleError2" time="0.0" />

      <testcase classname="org.gjt.sp.util.SyntaxUtilitiesTest" name="parseStyle" time="0.001" />

      <testcase classname="org.gjt.sp.util.SyntaxUtilitiesTest" name="parseStyleError" time="0.0" />

      <testcase classname="org.gjt.sp.util.SyntaxUtilitiesTest" name="parseColorBLue" time="0.0" />

      <testcase classname="org.gjt.sp.util.SyntaxUtilitiesTest" name="parseColorCyan" time="0.0" />

      <testcase classname="org.gjt.sp.util.SyntaxUtilitiesTest" name="parseColorGray" time="0.0" />

      <testcase classname="org.gjt.sp.util.SyntaxUtilitiesTest" name="parseColorNull" time="0.0" />

      <testcase classname="org.gjt.sp.util.SyntaxUtilitiesTest" name="parseColorPink" time="0.0" />

      <testcase classname="org.gjt.sp.util.SyntaxUtilitiesTest" name="parseColorWhat" time="0.0" />

      <testcase classname="org.gjt.sp.util.SyntaxUtilitiesTest" name="parseColorRedAlpha" time="0.0" />

      <testcase classname="org.gjt.sp.util.SyntaxUtilitiesTest" name="parseColorRedNoAlpha" time="0.0" />

      <testcase classname="org.gjt.sp.util.SyntaxUtilitiesTest" name="loadStyles" time="0.001" />

      <testcase classname="org.gjt.sp.util.SyntaxUtilitiesTest" name="parseColorBlack" time="0.0" />

      <testcase classname="org.gjt.sp.util.SyntaxUtilitiesTest" name="parseColorError" time="0.0" />

      <testcase classname="org.gjt.sp.util.SyntaxUtilitiesTest" name="parseColorGreen" time="0.0" />

      <testcase classname="org.gjt.sp.util.SyntaxUtilitiesTest" name="parseColorWhite" time="0.0" />

      <testcase classname="org.gjt.sp.util.SyntaxUtilitiesTest" name="parseColorOrange" time="0.0" />

      <testcase classname="org.gjt.sp.util.SyntaxUtilitiesTest" name="parseColorMagenta" time="0.0" />

      <testcase classname="org.gjt.sp.util.SyntaxUtilitiesTest" name="parseColorYellow" time="0.0" />

      <testcase classname="org.gjt.sp.util.SyntaxUtilitiesTest" name="getColorHexStringRed" time="0.0" />

      <testcase classname="org.gjt.sp.util.SyntaxUtilitiesTest" name="getColorHexString" time="0.0" />

      <testcase classname="org.gjt.sp.util.SyntaxUtilitiesTest" name="parseColorDarkGray" time="0.0" />

      <testcase classname="org.gjt.sp.util.SyntaxUtilitiesTest" name="parseColorlightGray" time="0.0" />

      <system-out><![CDATA[]]></system-out>

      <system-err><![CDATA[]]></system-err>

  </testsuite>
  <testsuite errors="0" failures="0" hostname="ASRCK-H310M" id="14" name="Native2ASCIIEncodingTest" package="org.jedit.io" skipped="0" tests="108" time="0.536" timestamp="2021-12-12T19:57:59">
      <properties>
[...]
</properties>

      <testcase classname="org.jedit.io.Native2ASCIIEncodingTest" name="read_CharBuffer_ShouldIgnoreIncompleteEscapeSequenceThatFollowsOneBackslash" time="0.003" />

      <testcase classname="org.jedit.io.Native2ASCIIEncodingTest" name="read_charArray_ShouldReadBackslashWithoutFollowingUAsBackslash" time="0.0" />

      <testcase classname="org.jedit.io.Native2ASCIIEncodingTest" name="read_charArray_ShouldCorrectlyHandleEOF" time="0.0" />

      <testcase classname="org.jedit.io.Native2ASCIIEncodingTest" name="read_charArray_shouldReadOnAfterCollapsingEscapeSequences" time="0.0" />

      <testcase classname="org.jedit.io.Native2ASCIIEncodingTest" name="read_CharBuffer_ShouldReadBackslashWithoutFollowingUAsBackslash" time="0.0" />

      <testcase classname="org.jedit.io.Native2ASCIIEncodingTest" name="readShouldConvertEscapeSequenceThatFollowsTwoBackslashes" time="0.0" />

      <testcase classname="org.jedit.io.Native2ASCIIEncodingTest" name="read_CharBuffer_ShouldConvertEscapeSequence" time="0.0" />

      <testcase classname="org.jedit.io.Native2ASCIIEncodingTest" name="readShouldThrowExceptionOnIncompleteEscapeSequence" time="0.0" />

      <testcase classname="org.jedit.io.Native2ASCIIEncodingTest" name="permissiveReadShouldAcceptMalformedInput" time="0.0" />

      <testcase classname="org.jedit.io.Native2ASCIIEncodingTest" name="write_String_int_int_ShouldEncodeASCIICharactersCorrectly" time="0.0" />

      <testcase classname="org.jedit.io.Native2ASCIIEncodingTest" name="read_charArray_int_int_ShouldCorrectlyHandleEOFAfterBackslash" time="0.0" />

      <testcase classname="org.jedit.io.Native2ASCIIEncodingTest" name="readShouldIgnoreMalformedEscapeSequenceThatFollowsOneBackslash" time="0.001" />

      <testcase classname="org.jedit.io.Native2ASCIIEncodingTest" name="readShouldCorrectlyHandleEOFAfterBackslash" time="0.0" />

      <testcase classname="org.jedit.io.Native2ASCIIEncodingTest" name="read_charArray_ShouldConvertEscapeSequenceWithThrottledInputStream" time="0.001" />

      <testcase classname="org.jedit.io.Native2ASCIIEncodingTest" name="permissiveRead_charArray_int_int_ShouldAcceptMalformedInputWithThrottledReader" time="0.0" />

      <testcase classname="org.jedit.io.Native2ASCIIEncodingTest" name="readShouldCorrectlyHandleEOF" time="0.0" />

      <testcase classname="org.jedit.io.Native2ASCIIEncodingTest" name="permissiveReadShouldAcceptMalformedInputWithThrottledReader" time="0.0" />

      <testcase classname="org.jedit.io.Native2ASCIIEncodingTest" name="readerShouldBeAbleToDecodeWhatWriterHasEncoded" time="0.0" />

      <testcase classname="org.jedit.io.Native2ASCIIEncodingTest" name="read_CharBuffer_ShouldThrowExceptionOnMalformedInput" time="0.0" />

      <testcase classname="org.jedit.io.Native2ASCIIEncodingTest" name="read_CharBuffer_ShouldCorrectlyHandleEOFAfterBackslash" time="0.087" />

      <testcase classname="org.jedit.io.Native2ASCIIEncodingTest" name="write_int_ShouldEncodeASCIICharactersCorrectly" time="0.0" />

      <testcase classname="org.jedit.io.Native2ASCIIEncodingTest" name="read_charArray_int_int_ShouldIgnoreMalformedEscapeSequenceThatFollowsOneBackslash" time="0.0" />

      <testcase classname="org.jedit.io.Native2ASCIIEncodingTest" name="read_CharBuffer_shouldReadOnAfterCollapsingEscapeSequences" time="0.0" />

      <testcase classname="org.jedit.io.Native2ASCIIEncodingTest" name="read_charArray_int_int_ShouldCorrectlyHandleLessThan5NonEscapeCharactersAfterBackslash" time="0.001" />

      <testcase classname="org.jedit.io.Native2ASCIIEncodingTest" name="read_charArray_int_int_ShouldThrowExceptionOnMissingInputAfterU" time="0.0" />

      <testcase classname="org.jedit.io.Native2ASCIIEncodingTest" name="append_CharSequence_ShouldEncodeNonASCIICharactersCorrectly" time="0.001" />

      <testcase classname="org.jedit.io.Native2ASCIIEncodingTest" name="read_charArray_ShouldThrowExceptionOnMissingInputAfterU" time="0.0" />

      <testcase classname="org.jedit.io.Native2ASCIIEncodingTest" name="read_CharBuffer_ShouldConvertEscapeSequenceWithThrottledInputStream" time="0.0" />

      <testcase classname="org.jedit.io.Native2ASCIIEncodingTest" name="differentReadMethodsShouldBeUsableOnTheSameStream" time="0.0" />

      <testcase classname="org.jedit.io.Native2ASCIIEncodingTest" name="readerShouldReadSingleCharactersIfWriterAddedAnEscapingBackslash" time="0.001" />

      <testcase classname="org.jedit.io.Native2ASCIIEncodingTest" name="readShouldThrowExceptionOnMissingInputAfterU" time="0.0" />

      <testcase classname="org.jedit.io.Native2ASCIIEncodingTest" name="permissiveRead_CharBuffer_ShouldAcceptMalformedInputWithThrottledReader" time="0.0" />

      <testcase classname="org.jedit.io.Native2ASCIIEncodingTest" name="write_String_ShouldEncodeNonASCIICharactersCorrectly" time="0.0" />

      <testcase classname="org.jedit.io.Native2ASCIIEncodingTest" name="readShouldThrowExceptionOnMalformedInput" time="0.0" />

      <testcase classname="org.jedit.io.Native2ASCIIEncodingTest" name="readShouldConvertEscapeSequence" time="0.0" />

      <testcase classname="org.jedit.io.Native2ASCIIEncodingTest" name="read_charArray_ShouldThrowExceptionOnMalformedInput" time="0.0" />

      <testcase classname="org.jedit.io.Native2ASCIIEncodingTest" name="read_charArray_ShouldCorrectlyHandleLessThan5NonEscapeCharactersAfterBackslash" time="0.0" />

      <testcase classname="org.jedit.io.Native2ASCIIEncodingTest" name="read_charArray_int_int_ShouldCorrectlyHandleEOF" time="0.0" />

      <testcase classname="org.jedit.io.Native2ASCIIEncodingTest" name="read_charArray_int_int_ShouldThrowExceptionOnMalformedInputWithThrottledReader" time="0.0" />

      <testcase classname="org.jedit.io.Native2ASCIIEncodingTest" name="skipShouldNotDoAnythingIfToSkipIsZero" time="0.0" />

      <testcase classname="org.jedit.io.Native2ASCIIEncodingTest" name="read_CharBuffer_ShouldThrowExceptionOnMalformedInputWithThrottledReader" time="0.096" />

      <testcase classname="org.jedit.io.Native2ASCIIEncodingTest" name="read_charArray_int_int_ShouldConvertEscapeSequenceWithThrottledInputStream" time="0.0" />

      <testcase classname="org.jedit.io.Native2ASCIIEncodingTest" name="readShouldCorrectlyHandleLessThan5NonEscapeCharactersAfterBackslash" time="0.001" />

      <testcase classname="org.jedit.io.Native2ASCIIEncodingTest" name="readShouldThrowExceptionOnMalformedInputWithThrottledReader" time="0.0" />

      <testcase classname="org.jedit.io.Native2ASCIIEncodingTest" name="permissiveRead_charArray_ShouldAcceptMalformedInput" time="0.0" />

      <testcase classname="org.jedit.io.Native2ASCIIEncodingTest" name="read_charArray_ShouldConvertEscapeSequenceThatFollowsTwoBackslashes" time="0.0" />

      <testcase classname="org.jedit.io.Native2ASCIIEncodingTest" name="differentReadMethodsShouldHaveACommonEscapeSequenceHandling" time="0.0" />

      <testcase classname="org.jedit.io.Native2ASCIIEncodingTest" name="read_CharBuffer_ShouldCorrectlyHandleEOF" time="0.0" />

      <testcase classname="org.jedit.io.Native2ASCIIEncodingTest" name="read_charArray_int_int_ShouldConvertEscapeSequence" time="0.0" />

      <testcase classname="org.jedit.io.Native2ASCIIEncodingTest" name="textReaderWithNullAsClassParameterShouldWork" time="0.0" />

      <testcase classname="org.jedit.io.Native2ASCIIEncodingTest" name="write_charArray_int_int_ShouldEncodeASCIICharactersCorrectly" time="0.0" />

      <testcase classname="org.jedit.io.Native2ASCIIEncodingTest" name="append_CharSequence_int_int_ShouldEncodeNonASCIICharactersCorrectly" time="0.0" />

      <testcase classname="org.jedit.io.Native2ASCIIEncodingTest" name="read_charArray_int_int_ShouldIgnoreIncompleteEscapeSequenceThatFollowsOneBackslash" time="0.001" />

      <testcase classname="org.jedit.io.Native2ASCIIEncodingTest" name="append_CharSequence_int_int_ShouldEncodeNullCorrectly" time="0.0" />

      <testcase classname="org.jedit.io.Native2ASCIIEncodingTest" name="read_charArray_ShouldConvertEscapeSequence" time="0.0" />

      <testcase classname="org.jedit.io.Native2ASCIIEncodingTest" name="read_charArray_int_int_ShouldThrowExceptionOnIncompleteEscapeSequence" time="0.0" />

      <testcase classname="org.jedit.io.Native2ASCIIEncodingTest" name="read_charArray_ShouldThrowExceptionOnMalformedInputWithThrottledReader" time="0.0" />

      <testcase classname="org.jedit.io.Native2ASCIIEncodingTest" name="write_charArray_ShouldEncodeNonASCIICharactersCorrectly" time="0.0" />

      <testcase classname="org.jedit.io.Native2ASCIIEncodingTest" name="readShouldConvertEscapeSequenceWithThrottledInputStream" time="0.0" />

      <testcase classname="org.jedit.io.Native2ASCIIEncodingTest" name="read_charArray_ShouldIgnoreMalformedEscapeSequenceThatFollowsOneBackslash" time="0.0" />

      <testcase classname="org.jedit.io.Native2ASCIIEncodingTest" name="permissiveRead_CharBuffer_ShouldAcceptIncompleteEscapeSequence" time="0.0" />

      <testcase classname="org.jedit.io.Native2ASCIIEncodingTest" name="append_CharSequence_ShouldEncodeNullCorrectly" time="0.101" />

      <testcase classname="org.jedit.io.Native2ASCIIEncodingTest" name="multipleSkipCallsShouldWork" time="0.0" />

      <testcase classname="org.jedit.io.Native2ASCIIEncodingTest" name="write_String_int_int_ShouldEncodeNonASCIICharactersCorrectly" time="0.0" />

      <testcase classname="org.jedit.io.Native2ASCIIEncodingTest" name="append_CharSequence_ShouldEncodeASCIICharactersCorrectly" time="0.0" />

      <testcase classname="org.jedit.io.Native2ASCIIEncodingTest" name="read_charArray_int_int_ShouldThrowExceptionOnMalformedInput" time="0.0" />

      <testcase classname="org.jedit.io.Native2ASCIIEncodingTest" name="permissiveRead_charArray_ShouldAcceptIncompleteEscapeSequence" time="0.0" />

      <testcase classname="org.jedit.io.Native2ASCIIEncodingTest" name="read_CharBuffer_ShouldIgnoreEscapeSequenceThatFollowsThreeBackslashes" time="0.0" />

      <testcase classname="org.jedit.io.Native2ASCIIEncodingTest" name="permissiveRead_charArray_ShouldAcceptMissingInputAfterU" time="0.0" />

      <testcase classname="org.jedit.io.Native2ASCIIEncodingTest" name="skipShouldThrowExceptionIfToSkipIsNegative" time="0.0" />

      <testcase classname="org.jedit.io.Native2ASCIIEncodingTest" name="permissiveRead_CharBuffer_ShouldAcceptMalformedInput" time="0.0" />

      <testcase classname="org.jedit.io.Native2ASCIIEncodingTest" name="permissiveReadShouldAcceptIncompleteEscapeSequence" time="0.0" />

      <testcase classname="org.jedit.io.Native2ASCIIEncodingTest" name="write_charArray_ShouldEncodeASCIICharactersCorrectly" time="0.0" />

      <testcase classname="org.jedit.io.Native2ASCIIEncodingTest" name="write_String_ShouldEncodeASCIICharactersCorrectly" time="0.0" />

      <testcase classname="org.jedit.io.Native2ASCIIEncodingTest" name="read_charArray_int_int_ShouldReadBackslashWithoutFollowingUAsBackslash" time="0.001" />

      <testcase classname="org.jedit.io.Native2ASCIIEncodingTest" name="permissiveRead_charArray_int_int_ShouldAcceptMissingInputAfterU" time="0.0" />

      <testcase classname="org.jedit.io.Native2ASCIIEncodingTest" name="readShouldReadBackslashWithoutFollowingUAsBackslash" time="0.0" />

      <testcase classname="org.jedit.io.Native2ASCIIEncodingTest" name="read_charArray_int_int_ShouldIgnoreEscapeSequenceThatFollowsThreeBackslashes" time="0.001" />

      <testcase classname="org.jedit.io.Native2ASCIIEncodingTest" name="read_charArray_ShouldThrowExceptionOnIncompleteEscapeSequence" time="0.0" />

      <testcase classname="org.jedit.io.Native2ASCIIEncodingTest" name="permissiveRead_charArray_ShouldAcceptMalformedInputWithThrottledReader" time="0.0" />

      <testcase classname="org.jedit.io.Native2ASCIIEncodingTest" name="read_CharBuffer_ShouldCorrectlyHandleLessThan5NonEscapeCharactersAfterBackslash" time="0.0" />

      <testcase classname="org.jedit.io.Native2ASCIIEncodingTest" name="read_charArray_ShouldIgnoreEscapeSequenceThatFollowsThreeBackslashes" time="0.0" />

      <testcase classname="org.jedit.io.Native2ASCIIEncodingTest" name="read_charArray_int_int_ShouldConvertEscapeSequenceThatFollowsTwoBackslashes" time="0.105" />

      <testcase classname="org.jedit.io.Native2ASCIIEncodingTest" name="read_charArray_ShouldCorrectlyHandleEOFAfterBackslash" time="0.0" />

      <testcase classname="org.jedit.io.Native2ASCIIEncodingTest" name="readShouldIgnoreIncompleteEscapeSequenceThatFollowsOneBackslash" time="0.0" />

      <testcase classname="org.jedit.io.Native2ASCIIEncodingTest" name="append_char_ShouldEncodeASCIICharactersCorrectly" time="0.0" />

      <testcase classname="org.jedit.io.Native2ASCIIEncodingTest" name="read_charArray_ShouldIgnoreIncompleteEscapeSequenceThatFollowsOneBackslash" time="0.0" />

      <testcase classname="org.jedit.io.Native2ASCIIEncodingTest" name="readShouldIgnoreEscapeSequenceThatFollowsThreeBackslashes" time="0.001" />

      <testcase classname="org.jedit.io.Native2ASCIIEncodingTest" name="write_charArray_int_int_ShouldEncodeNonASCIICharactersCorrectly" time="0.0" />

      <testcase classname="org.jedit.io.Native2ASCIIEncodingTest" name="write_int_ShouldEncodeNonASCIICharactersCorrectly" time="0.0" />

      <testcase classname="org.jedit.io.Native2ASCIIEncodingTest" name="readShouldIgnoreEscapeSequenceThatFollowsOneBackslash" time="0.0" />

      <testcase classname="org.jedit.io.Native2ASCIIEncodingTest" name="read_CharBuffer_ShouldConvertEscapeSequenceThatFollowsTwoBackslashes" time="0.0" />

      <testcase classname="org.jedit.io.Native2ASCIIEncodingTest" name="append_CharSequence_int_int_ShouldEncodeASCIICharactersCorrectly" time="0.0" />

      <testcase classname="org.jedit.io.Native2ASCIIEncodingTest" name="read_CharBuffer_ShouldThrowExceptionOnMissingInputAfterU" time="0.001" />

      <testcase classname="org.jedit.io.Native2ASCIIEncodingTest" name="skipShouldSkipAllIfToSkipIsGreaterThanInputLength" time="0.0" />

      <testcase classname="org.jedit.io.Native2ASCIIEncodingTest" name="read_CharBuffer_ShouldIgnoreMalformedEscapeSequenceThatFollowsOneBackslash" time="0.0" />

      <testcase classname="org.jedit.io.Native2ASCIIEncodingTest" name="read_charArray_int_int_ShouldIgnoreEscapeSequenceThatFollowsOneBackslash" time="0.0" />

      <testcase classname="org.jedit.io.Native2ASCIIEncodingTest" name="read_CharBuffer_ShouldThrowExceptionOnIncompleteEscapeSequence" time="0.0" />

      <testcase classname="org.jedit.io.Native2ASCIIEncodingTest" name="permissiveRead_charArray_int_int_ShouldAcceptMalformedInput" time="0.0" />

      <testcase classname="org.jedit.io.Native2ASCIIEncodingTest" name="permissiveReadShouldAcceptMissingInputAfterU" time="0.0" />

      <testcase classname="org.jedit.io.Native2ASCIIEncodingTest" name="skipShouldSkipGivenAmountIfAvailable" time="0.0" />

      <testcase classname="org.jedit.io.Native2ASCIIEncodingTest" name="readerShouldDecodeIfWriterHasWrittenEscapeSequenceAsSingleCharacters" time="0.0" />

      <testcase classname="org.jedit.io.Native2ASCIIEncodingTest" name="append_char_ShouldEncodeNonASCIICharactersCorrectly" time="0.0" />

      <testcase classname="org.jedit.io.Native2ASCIIEncodingTest" name="read_CharBuffer_ShouldIgnoreEscapeSequenceThatFollowsOneBackslash" time="0.101" />

      <testcase classname="org.jedit.io.Native2ASCIIEncodingTest" name="read_charArray_ShouldIgnoreEscapeSequenceThatFollowsOneBackslash" time="0.0" />

      <testcase classname="org.jedit.io.Native2ASCIIEncodingTest" name="permissiveRead_charArray_int_int_ShouldAcceptIncompleteEscapeSequence" time="0.0" />

      <testcase classname="org.jedit.io.Native2ASCIIEncodingTest" name="read_charArray_int_int_shouldReadOnAfterCollapsingEscapeSequences" time="0.0" />

      <testcase classname="org.jedit.io.Native2ASCIIEncodingTest" name="permissiveRead_CharBuffer_ShouldAcceptMissingInputAfterU" time="0.001" />

      <system-out><![CDATA[]]></system-out>

      <system-err><![CDATA[]]></system-err>

  </testsuite>
</testsuites>
